<?xml version="1.0" encoding="UTF-8"?>
<!-- Generated by org.testng.reporters.JUnitReportReporter -->
<testsuite hostname="WNZ202" failures="0" tests="1" name="com.changefinancial.TestCases.T_3_ConfigDevice" time="16.092" errors="0" timestamp="28 May 2021 06:13:56 GMT">
  <testcase classname="com.changefinancial.TestCases.T_3_ConfigDevice" name="configDevice" time="16.092"/>
</testsuite> <!-- com.changefinancial.TestCases.T_3_ConfigDevice -->
