<?xml version="1.0" encoding="UTF-8"?>
<!-- Generated by org.testng.reporters.JUnitReportReporter -->
<testsuite hostname="WNZ202" failures="0" tests="1" name="com.changefinancial.TestCases.APITest" time="7.279" errors="0" timestamp="24 Aug 2021 02:50:09 GMT">
  <testcase classname="com.changefinancial.TestCases.APITest" name="sendRegressionRequest" time="7.279"/>
</testsuite> <!-- com.changefinancial.TestCases.APITest -->
