<?xml version="1.0" encoding="UTF-8"?>
<!-- Generated by org.testng.reporters.JUnitReportReporter -->
<testsuite hostname="WNZ202" failures="0" tests="1" name="com.changefinancial.TestCases.T_4_SendEchoRequest" time="29.431" errors="0" timestamp="4 Jun 2021 03:38:43 GMT">
  <testcase classname="com.changefinancial.TestCases.T_4_SendEchoRequest" name="sendEchoRequest" time="29.431"/>
</testsuite> <!-- com.changefinancial.TestCases.T_4_SendEchoRequest -->
