<?xml version="1.0" encoding="UTF-8"?>
<!-- Generated by org.testng.reporters.JUnitReportReporter -->
<testsuite hostname="WNZ202" failures="0" tests="1" name="com.changefinancial.TestCases.T_2_CreateDevice" time="17.777" errors="0" timestamp="2 Jun 2021 21:57:44 GMT">
  <testcase classname="com.changefinancial.TestCases.T_2_CreateDevice" name="createDevice" time="17.777"/>
</testsuite> <!-- com.changefinancial.TestCases.T_2_CreateDevice -->
