<?xml version="1.0" encoding="UTF-8"?>
<!-- Generated by org.testng.reporters.JUnitReportReporter -->
<testsuite hostname="WNZ202" failures="0" tests="1" name="com.changefinancial.TestCases.T_1_InitializeSystemAfterInstallation" time="53.473" errors="0" timestamp="28 May 2021 06:08:30 GMT">
  <testcase classname="com.changefinancial.TestCases.T_1_InitializeSystemAfterInstallation" name="initializeSystem" time="53.473"/>
</testsuite> <!-- com.changefinancial.TestCases.T_1_InitializeSystemAfterInstallation -->
